
Showing logs for build [32mcb-kubecd-bdd-gh-1597051319-mas-rhlpz-1[0m stage [32mfrom-build-pack[0m and container [32mstep-credential-initializer-2d6vn[0m
{"level":"info","ts":1597051971.583672,"logger":"fallback-logger","caller":"logging/config.go:69","msg":"Fetch GitHub commit ID from kodata failed: open /var/run/ko/refs/heads/0.8.0-ns-support: no such file or directory"}
{"level":"info","ts":1597051971.584167,"logger":"fallback-logger","caller":"creds-init/main.go:40","msg":"Credentials initialized."}

Showing logs for build [32mcb-kubecd-bdd-gh-1597051319-mas-rhlpz-1[0m stage [32mfrom-build-pack[0m and container [32mstep-working-dir-initializer-d5sbq[0m
{"level":"info","ts":1597051973.4671822,"logger":"fallback-logger","caller":"logging/config.go:69","msg":"Fetch GitHub commit ID from kodata failed: open /var/run/ko/HEAD: no such file or directory"}
{"level":"info","ts":1597051973.4684155,"logger":"fallback-logger","caller":"bash/main.go:64","msg":"Successfully executed command \"sh -c mkdir -p /workspace/source\"; output "}

Showing logs for build [32mcb-kubecd-bdd-gh-1597051319-mas-rhlpz-1[0m stage [32mfrom-build-pack[0m and container [32mstep-place-tools[0m

Showing logs for build [32mcb-kubecd-bdd-gh-1597051319-mas-rhlpz-1[0m stage [32mfrom-build-pack[0m and container [32mstep-git-source-cb-kubecd-bdd-gh-1597051319-mas-rhlpz-rczwm[0m
{"level":"info","ts":1597052075.0397909,"logger":"fallback-logger","caller":"logging/config.go:69","msg":"Fetch GitHub commit ID from kodata failed: open /var/run/ko/refs/heads/0.8.0-ns-support: no such file or directory"}
{"level":"info","ts":1597052076.334056,"logger":"fallback-logger","caller":"git/git.go:103","msg":"Successfully cloned https://github.com/cb-kubecd/bdd-gh-1597051319.git @ v0.0.2 in path /workspace/source"}

Showing logs for build [32mcb-kubecd-bdd-gh-1597051319-mas-rhlpz-1[0m stage [32mfrom-build-pack[0m and container [32mstep-setup-builder-home[0m

Showing logs for build [32mcb-kubecd-bdd-gh-1597051319-mas-rhlpz-1[0m stage [32mfrom-build-pack[0m and container [32mstep-git-merge[0m
Using SHAs from PULL_REFS=master:
WARNING: no SHAs to merge, falling back to initial cloned commit

Showing logs for build [32mcb-kubecd-bdd-gh-1597051319-mas-rhlpz-1[0m stage [32mfrom-build-pack[0m and container [32mstep-setup-jx-git-credentials[0m
Generated Git credentials file /workspace/xdg_config/git/credentials

Showing logs for build [32mcb-kubecd-bdd-gh-1597051319-mas-rhlpz-1[0m stage [32mfrom-build-pack[0m and container [32mstep-build-make-build[0m
CGO_ENABLED=0 GO15VENDOREXPERIMENT=1 go build -ldflags '' -o bin/bdd-gh-1597051319 main.go

Showing logs for build [32mcb-kubecd-bdd-gh-1597051319-mas-rhlpz-1[0m stage [32mfrom-build-pack[0m and container [32mstep-build-container-build[0m
ERROR: logging before flag.Parse: E0810 09:34:41.949147      10 metadata.go:241] Failed to unmarshal scopes: json: cannot unmarshal string into Go value of type []string
error checking push permissions -- make sure you entered the correct tag name, and that you are authenticated correctly, and try again: checking push permission for "gcr.io/jenkins-x-labs-bdd/bdd-gh-1597051319:0.0.2": resolving authorization for gcr.io failed: error getting credentials - err: exit status 1, out: `docker-credential-gcr/helper: could not retrieve GCR's access token: metadata: GCE metadata "instance/service-accounts/default/token" not defined`
[31m
Pipeline failed on stage 'from-build-pack' : container 'step-build-container-build'. The execution of the pipeline has stopped.[0m
